<?xml version="1.0" encoding="UTF-8"?>
<testsuite name="dev.jimenez.utiltests.ConnectionTest" tests="1" skipped="0" failures="0" errors="0" timestamp="2021-02-24T16:03:19" hostname="DESKTOP-489DSVI" time="0.788">
  <properties/>
  <testcase name="generates_connection()" classname="dev.jimenez.utiltests.ConnectionTest" time="0.788"/>
  <system-out><![CDATA[org.postgresql.jdbc.PgConnection@670529f2
]]></system-out>
  <system-err><![CDATA[]]></system-err>
</testsuite>
